Dec-25 15:13:36.639 [main] DEBUG nextflow.cli.Launcher - $> nextflow run ../RamDAQ/QC_SE/06_ramdaQC_SE_featurecounts.nf -c ./RamDAQ_mouse_unstranded_SE.config
Dec-25 15:13:36.804 [main] INFO  nextflow.cli.CmdRun - N E X T F L O W  ~  version 19.10.0
Dec-25 15:13:36.831 [main] INFO  nextflow.cli.CmdRun - Launching `../RamDAQ/QC_SE/06_ramdaQC_SE_featurecounts.nf` [determined_mayer] - revision: d40b6fdebc
Dec-25 15:13:36.869 [main] DEBUG nextflow.cli.Launcher - Operation aborted
nextflow.exception.AbortOperationException: The specified configuration file does not exist: /Volumes/LaCie2/Nextflow_local_test/RamDAQ/./RamDAQ_mouse_unstranded_SE.config -- check the name or choose another file
	at sun.reflect.NativeConstructorAccessorImpl.newInstance0(Native Method)
	at sun.reflect.NativeConstructorAccessorImpl.newInstance(NativeConstructorAccessorImpl.java:62)
	at sun.reflect.DelegatingConstructorAccessorImpl.newInstance(DelegatingConstructorAccessorImpl.java:45)
	at java.lang.reflect.Constructor.newInstance(Constructor.java:423)
	at org.codehaus.groovy.reflection.CachedConstructor.invoke(CachedConstructor.java:80)
	at org.codehaus.groovy.reflection.CachedConstructor.doConstructorInvoke(CachedConstructor.java:74)
	at org.codehaus.groovy.runtime.callsite.ConstructorSite$ConstructorSiteNoUnwrap.callConstructor(ConstructorSite.java:84)
	at org.codehaus.groovy.runtime.callsite.CallSiteArray.defaultCallConstructor(CallSiteArray.java:59)
	at org.codehaus.groovy.runtime.callsite.AbstractCallSite.callConstructor(AbstractCallSite.java:237)
	at org.codehaus.groovy.runtime.callsite.AbstractCallSite.callConstructor(AbstractCallSite.java:249)
	at nextflow.config.ConfigBuilder.validateConfigFiles(ConfigBuilder.groovy:211)
	at sun.reflect.NativeMethodAccessorImpl.invoke0(Native Method)
	at sun.reflect.NativeMethodAccessorImpl.invoke(NativeMethodAccessorImpl.java:62)
	at sun.reflect.DelegatingMethodAccessorImpl.invoke(DelegatingMethodAccessorImpl.java:43)
	at java.lang.reflect.Method.invoke(Method.java:498)
	at org.codehaus.groovy.runtime.callsite.PlainObjectMetaMethodSite.doInvoke(PlainObjectMetaMethodSite.java:43)
	at org.codehaus.groovy.runtime.callsite.PogoMetaMethodSite$PogoCachedMethodSiteNoUnwrapNoCoerce.invoke(PogoMetaMethodSite.java:190)
	at org.codehaus.groovy.runtime.callsite.PogoMetaMethodSite.callCurrent(PogoMetaMethodSite.java:58)
	at org.codehaus.groovy.runtime.callsite.CallSiteArray.defaultCallCurrent(CallSiteArray.java:51)
	at org.codehaus.groovy.runtime.callsite.AbstractCallSite.callCurrent(AbstractCallSite.java:156)
	at org.codehaus.groovy.runtime.callsite.AbstractCallSite.callCurrent(AbstractCallSite.java:168)
	at nextflow.config.ConfigBuilder.buildConfigObject(ConfigBuilder.groovy:634)
	at nextflow.config.ConfigBuilder.build(ConfigBuilder.groovy:648)
	at nextflow.script.ScriptRunner.<init>(ScriptRunner.groovy:84)
	at nextflow.cli.CmdRun.run(CmdRun.groovy:238)
	at nextflow.cli.Launcher.run(Launcher.groovy:457)
	at nextflow.cli.Launcher.main(Launcher.groovy:639)
